evaluation warning: The option `isoImage.isoName' defined in `/home/openclaw/.openclaw/workspace/CodeClubNixLiveCD/iso.nix' has been renamed to `image.fileName'.
this derivation will be built:
  /nix/store/ii0z574spa1ir30air5syrr617k48xp6-nixos-gnome-25.11.6392.afbbf774e208-x86_64-linux.iso.drv
building '/nix/store/ii0z574spa1ir30air5syrr617k48xp6-nixos-gnome-25.11.6392.afbbf774e208-x86_64-linux.iso.drv'...
structuredAttrs is enabled
Parallel mksquashfs: Using 8 processors
Creating 4.0 filesystem on nix-store.squashfs, block size 1048576.


Exportable Squashfs 4.0 filesystem, zstd compressed, data block size 1048576
        compressed data, compressed metadata, compressed fragments,
        compressed xattrs, compressed ids
        duplicates are removed
Filesystem size 4169042.37 Kbytes (4071.33 Mbytes)
        39.95% of uncompressed filesystem size (10434758.57 Kbytes)
Inode table size 2853433 bytes (2786.56 Kbytes)
        21.38% of uncompressed inode table size (13344733 bytes)
Directory table size 2914029 bytes (2845.73 Kbytes)
        34.40% of uncompressed directory table size (8469845 bytes)
Number of duplicate files found 12337
Number of inodes 329840
Number of files 204910
Number of fragments 3458
Number of symbolic links 44584
Number of device nodes 0
Number of fifo nodes 0
Number of socket nodes 0
Number of directories 80346
Number of hard-links 0
Number of ids (unique uids + gids) 1
Number of uids 1
        root (0)
Number of gids 1
        root (0)
xorriso 1.5.6 : RockRidge filesystem manipulator, libburnia project.

xorriso : NOTE : Environment variable SOURCE_DATE_EPOCH encountered with value 315532800
Drive current: -outdev 'stdio:/nix/store/64jcmzvq2s4mbfjrpg1lpfvjv5097cik-nixos-gnome-25.11.6392.afbbf774e208-x86_64-linux.iso/iso/nixos-gnome-25.11.6392.afbbf774e208-x86_64-linux.iso'
Media current: stdio file, overwriteable
Media status : is blank
Media summary: 0 sessions, 0 data blocks, 0 data, 5803m free
xorriso : UPDATE :     195 files added in 1 seconds
Added 13 items from file 'pathlist'
xorriso : UPDATE :     195 files added in 1 seconds
xorriso : NOTE : Copying to System Area: 432 bytes from file '/nix/store/z6i46fnw770jpzjpsnv2vpxyr7qmd98b-syslinux-unstable-2019-02-07/share/syslinux/isohdpfx.bin'
libisofs: NOTE : Automatically adjusted MBR geometry to 1017/132/63
libisofs: NOTE : Aligned image size to cylinder size by 1222 blocks
xorriso : UPDATE :  0.08% done
xorriso : UPDATE :  0.67% done
xorriso : UPDATE :  1.65% done
xorriso : UPDATE :  2.87% done, estimate finish Fri Feb 27 15:21:40 2026
xorriso : UPDATE :  3.97% done, estimate finish Fri Feb 27 15:21:39 2026
xorriso : UPDATE :  5.18% done, estimate finish Fri Feb 27 15:21:37 2026
xorriso : UPDATE :  6.19% done, estimate finish Fri Feb 27 15:21:38 2026
xorriso : UPDATE :  8.38% done, estimate finish Fri Feb 27 15:21:26 2026
xorriso : UPDATE :  9.96% done, estimate finish Fri Feb 27 15:21:23 2026
xorriso : UPDATE :  11.16% done, estimate finish Fri Feb 27 15:21:24 2026
xorriso : UPDATE :  11.26% done, estimate finish Fri Feb 27 15:21:32 2026
xorriso : UPDATE :  12.43% done, estimate finish Fri Feb 27 15:21:32 2026
xorriso : UPDATE :  13.22% done, estimate finish Fri Feb 27 15:21:34 2026
xorriso : UPDATE :  14.11% done, estimate finish Fri Feb 27 15:21:34 2026
xorriso : UPDATE :  14.11% done, estimate finish Fri Feb 27 15:21:43 2026
xorriso : UPDATE :  14.26% done, estimate finish Fri Feb 27 15:21:50 2026
xorriso : UPDATE :  15.37% done, estimate finish Fri Feb 27 15:21:49 2026
xorriso : UPDATE :  16.04% done, estimate finish Fri Feb 27 15:21:52 2026
xorriso : UPDATE :  17.23% done, estimate finish Fri Feb 27 15:21:49 2026
xorriso : UPDATE :  17.50% done, estimate finish Fri Feb 27 15:21:54 2026
xorriso : UPDATE :  17.95% done, estimate finish Fri Feb 27 15:21:58 2026
xorriso : UPDATE :  18.53% done, estimate finish Fri Feb 27 15:22:00 2026
xorriso : UPDATE :  19.29% done, estimate finish Fri Feb 27 15:22:00 2026
xorriso : UPDATE :  19.58% done, estimate finish Fri Feb 27 15:22:33 2026
xorriso : UPDATE :  20.15% done, estimate finish Fri Feb 27 15:22:33 2026
xorriso : UPDATE :  20.59% done, estimate finish Fri Feb 27 15:22:36 2026
xorriso : UPDATE :  21.31% done, estimate finish Fri Feb 27 15:22:34 2026
xorriso : UPDATE :  21.76% done, estimate finish Fri Feb 27 15:22:36 2026
xorriso : UPDATE :  22.16% done, estimate finish Fri Feb 27 15:22:39 2026
xorriso : UPDATE :  22.58% done, estimate finish Fri Feb 27 15:22:41 2026
xorriso : UPDATE :  23.30% done, estimate finish Fri Feb 27 15:22:39 2026
xorriso : UPDATE :  23.71% done, estimate finish Fri Feb 27 15:22:42 2026
xorriso : UPDATE :  24.25% done, estimate finish Fri Feb 27 15:22:42 2026
xorriso : UPDATE :  24.25% done, estimate finish Fri Feb 27 15:22:56 2026
xorriso : UPDATE :  24.38% done, estimate finish Fri Feb 27 15:23:05 2026
xorriso : UPDATE :  24.91% done, estimate finish Fri Feb 27 15:23:04 2026
xorriso : UPDATE :  25.01% done, estimate finish Fri Feb 27 15:23:11 2026
xorriso : UPDATE :  25.53% done, estimate finish Fri Feb 27 15:23:10 2026
xorriso : UPDATE :  25.58% done, estimate finish Fri Feb 27 15:23:19 2026
xorriso : UPDATE :  25.58% done, estimate finish Fri Feb 27 15:23:28 2026
xorriso : UPDATE :  26.05% done, estimate finish Fri Feb 27 15:23:27 2026
xorriso : UPDATE :  26.62% done, estimate finish Fri Feb 27 15:23:24 2026
xorriso : UPDATE :  26.77% done, estimate finish Fri Feb 27 15:23:29 2026
xorriso : UPDATE :  27.27% done, estimate finish Fri Feb 27 15:23:58 2026
xorriso : UPDATE :  27.67% done, estimate finish Fri Feb 27 15:23:55 2026
xorriso : UPDATE :  27.89% done, estimate finish Fri Feb 27 15:23:58 2026
xorriso : UPDATE :  27.89% done, estimate finish Fri Feb 27 15:24:12 2026
xorriso : UPDATE :  28.41% done, estimate finish Fri Feb 27 15:24:03 2026
xorriso : UPDATE :  28.85% done, estimate finish Fri Feb 27 15:23:59 2026
xorriso : UPDATE :  29.18% done, estimate finish Fri Feb 27 15:23:59 2026
xorriso : UPDATE :  30.25% done, estimate finish Fri Feb 27 15:23:40 2026
xorriso : UPDATE :  31.35% done, estimate finish Fri Feb 27 15:23:26 2026
xorriso : UPDATE :  32.44% done, estimate finish Fri Feb 27 15:23:15 2026
xorriso : UPDATE :  33.61% done, estimate finish Fri Feb 27 15:23:06 2026
xorriso : UPDATE :  34.82% done, estimate finish Fri Feb 27 15:22:37 2026
xorriso : UPDATE :  35.89% done, estimate finish Fri Feb 27 15:22:33 2026
xorriso : UPDATE :  36.94% done, estimate finish Fri Feb 27 15:22:30 2026
xorriso : UPDATE :  38.16% done, estimate finish Fri Feb 27 15:22:27 2026
xorriso : UPDATE :  38.73% done, estimate finish Fri Feb 27 15:22:28 2026
xorriso : UPDATE :  39.31% done, estimate finish Fri Feb 27 15:22:29 2026
xorriso : UPDATE :  39.83% done, estimate finish Fri Feb 27 15:22:30 2026
xorriso : UPDATE :  40.28% done, estimate finish Fri Feb 27 15:22:32 2026
xorriso : UPDATE :  40.86% done, estimate finish Fri Feb 27 15:22:33 2026
xorriso : UPDATE :  41.43% done, estimate finish Fri Feb 27 15:22:34 2026
xorriso : UPDATE :  41.92% done, estimate finish Fri Feb 27 15:22:34 2026
xorriso : UPDATE :  42.24% done, estimate finish Fri Feb 27 15:22:37 2026
xorriso : UPDATE :  42.89% done, estimate finish Fri Feb 27 15:22:38 2026
xorriso : UPDATE :  43.58% done, estimate finish Fri Feb 27 15:22:38 2026
xorriso : UPDATE :  43.58% done, estimate finish Fri Feb 27 15:22:43 2026
xorriso : UPDATE :  44.38% done, estimate finish Fri Feb 27 15:22:42 2026
xorriso : UPDATE :  45.22% done, estimate finish Fri Feb 27 15:22:40 2026
xorriso : UPDATE :  45.84% done, estimate finish Fri Feb 27 15:22:40 2026
xorriso : UPDATE :  45.90% done, estimate finish Fri Feb 27 15:22:44 2026
xorriso : UPDATE :  46.49% done, estimate finish Fri Feb 27 15:22:44 2026
xorriso : UPDATE :  47.40% done, estimate finish Fri Feb 27 15:22:51 2026
xorriso : UPDATE :  48.02% done, estimate finish Fri Feb 27 15:22:50 2026
xorriso : UPDATE :  48.44% done, estimate finish Fri Feb 27 15:22:52 2026
xorriso : UPDATE :  48.61% done, estimate finish Fri Feb 27 15:22:56 2026
xorriso : UPDATE :  48.99% done, estimate finish Fri Feb 27 15:22:58 2026
xorriso : UPDATE :  50.16% done, estimate finish Fri Feb 27 15:22:51 2026
xorriso : UPDATE :  50.52% done, estimate finish Fri Feb 27 15:22:53 2026
xorriso : UPDATE :  50.63% done, estimate finish Fri Feb 27 15:22:57 2026
xorriso : UPDATE :  51.00% done, estimate finish Fri Feb 27 15:22:59 2026
xorriso : UPDATE :  51.18% done, estimate finish Fri Feb 27 15:23:02 2026
xorriso : UPDATE :  51.37% done, estimate finish Fri Feb 27 15:23:18 2026
xorriso : UPDATE :  51.48% done, estimate finish Fri Feb 27 15:23:24 2026
xorriso : UPDATE :  51.72% done, estimate finish Fri Feb 27 15:23:28 2026
xorriso : UPDATE :  51.76% done, estimate finish Fri Feb 27 15:23:37 2026
xorriso : UPDATE :  51.76% done, estimate finish Fri Feb 27 15:23:45 2026
xorriso : UPDATE :  51.87% done, estimate finish Fri Feb 27 15:23:50 2026
xorriso : UPDATE :  51.91% done, estimate finish Fri Feb 27 15:23:59 2026
xorriso : UPDATE :  51.96% done, estimate finish Fri Feb 27 15:24:05 2026
xorriso : UPDATE :  52.67% done, estimate finish Fri Feb 27 15:23:55 2026
xorriso : UPDATE :  53.93% done, estimate finish Fri Feb 27 15:23:36 2026
xorriso : UPDATE :  55.07% done, estimate finish Fri Feb 27 15:23:27 2026
xorriso : UPDATE :  56.30% done, estimate finish Fri Feb 27 15:23:10 2026
xorriso : UPDATE :  57.45% done, estimate finish Fri Feb 27 15:23:01 2026
xorriso : UPDATE :  58.61% done, estimate finish Fri Feb 27 15:22:55 2026
xorriso : UPDATE :  59.88% done, estimate finish Fri Feb 27 15:22:49 2026
xorriso : UPDATE :  61.12% done, estimate finish Fri Feb 27 15:22:44 2026
xorriso : UPDATE :  61.85% done, estimate finish Fri Feb 27 15:22:44 2026
xorriso : UPDATE :  62.53% done, estimate finish Fri Feb 27 15:22:44 2026
xorriso : UPDATE :  62.71% done, estimate finish Fri Feb 27 15:22:46 2026
xorriso : UPDATE :  63.42% done, estimate finish Fri Feb 27 15:22:46 2026
xorriso : UPDATE :  63.99% done, estimate finish Fri Feb 27 15:22:46 2026
xorriso : UPDATE :  64.50% done, estimate finish Fri Feb 27 15:22:36 2026
xorriso : UPDATE :  64.54% done, estimate finish Fri Feb 27 15:22:39 2026
xorriso : UPDATE :  65.35% done, estimate finish Fri Feb 27 15:22:39 2026
xorriso : UPDATE :  66.52% done, estimate finish Fri Feb 27 15:22:37 2026
xorriso : UPDATE :  66.63% done, estimate finish Fri Feb 27 15:22:40 2026
xorriso : UPDATE :  66.98% done, estimate finish Fri Feb 27 15:22:42 2026
xorriso : UPDATE :  67.22% done, estimate finish Fri Feb 27 15:22:44 2026
xorriso : UPDATE :  68.32% done, estimate finish Fri Feb 27 15:22:42 2026
xorriso : UPDATE :  68.90% done, estimate finish Fri Feb 27 15:22:43 2026
xorriso : UPDATE :  69.53% done, estimate finish Fri Feb 27 15:22:42 2026
xorriso : UPDATE :  70.09% done, estimate finish Fri Feb 27 15:22:52 2026
xorriso : UPDATE :  70.41% done, estimate finish Fri Feb 27 15:22:55 2026
xorriso : UPDATE :  71.09% done, estimate finish Fri Feb 27 15:22:53 2026
xorriso : UPDATE :  71.13% done, estimate finish Fri Feb 27 15:22:58 2026
xorriso : UPDATE :  71.61% done, estimate finish Fri Feb 27 15:22:57 2026
xorriso : UPDATE :  72.78% done, estimate finish Fri Feb 27 15:22:53 2026
xorriso : UPDATE :  73.16% done, estimate finish Fri Feb 27 15:22:55 2026
xorriso : UPDATE :  73.97% done, estimate finish Fri Feb 27 15:22:53 2026
xorriso : UPDATE :  74.23% done, estimate finish Fri Feb 27 15:22:55 2026
xorriso : UPDATE :  74.91% done, estimate finish Fri Feb 27 15:22:53 2026
xorriso : UPDATE :  75.54% done, estimate finish Fri Feb 27 15:22:54 2026
xorriso : UPDATE :  75.93% done, estimate finish Fri Feb 27 15:22:55 2026
xorriso : UPDATE :  76.45% done, estimate finish Fri Feb 27 15:22:55 2026
xorriso : UPDATE :  77.21% done, estimate finish Fri Feb 27 15:22:53 2026
xorriso : UPDATE :  77.39% done, estimate finish Fri Feb 27 15:22:56 2026
xorriso : UPDATE :  77.39% done, estimate finish Fri Feb 27 15:23:00 2026
xorriso : UPDATE :  77.39% done, estimate finish Fri Feb 27 15:23:03 2026
xorriso : UPDATE :  77.48% done, estimate finish Fri Feb 27 15:23:06 2026
xorriso : UPDATE :  77.67% done, estimate finish Fri Feb 27 15:23:08 2026
xorriso : UPDATE :  78.06% done, estimate finish Fri Feb 27 15:23:09 2026
xorriso : UPDATE :  78.06% done, estimate finish Fri Feb 27 15:23:38 2026
xorriso : UPDATE :  78.06% done, estimate finish Fri Feb 27 15:23:46 2026
xorriso : UPDATE :  78.25% done, estimate finish Fri Feb 27 15:23:48 2026
xorriso : UPDATE :  78.25% done, estimate finish Fri Feb 27 15:23:55 2026
xorriso : UPDATE :  78.25% done, estimate finish Fri Feb 27 15:24:03 2026
xorriso : UPDATE :  79.28% done, estimate finish Fri Feb 27 15:23:40 2026
xorriso : UPDATE :  80.44% done, estimate finish Fri Feb 27 15:23:25 2026
xorriso : UPDATE :  81.47% done, estimate finish Fri Feb 27 15:23:17 2026
xorriso : UPDATE :  82.64% done, estimate finish Fri Feb 27 15:23:10 2026
xorriso : UPDATE :  83.75% done, estimate finish Fri Feb 27 15:23:05 2026
xorriso : UPDATE :  84.86% done, estimate finish Fri Feb 27 15:22:52 2026
xorriso : UPDATE :  85.74% done, estimate finish Fri Feb 27 15:22:52 2026
xorriso : UPDATE :  86.99% done, estimate finish Fri Feb 27 15:22:49 2026
xorriso : UPDATE :  88.19% done, estimate finish Fri Feb 27 15:22:49 2026
xorriso : UPDATE :  88.95% done, estimate finish Fri Feb 27 15:22:49 2026
xorriso : UPDATE :  89.00% done, estimate finish Fri Feb 27 15:22:51 2026
xorriso : UPDATE :  89.58% done, estimate finish Fri Feb 27 15:22:50 2026
xorriso : UPDATE :  90.50% done, estimate finish Fri Feb 27 15:22:50 2026
xorriso : UPDATE :  90.83% done, estimate finish Fri Feb 27 15:22:50 2026
xorriso : UPDATE :  91.30% done, estimate finish Fri Feb 27 15:22:51 2026
xorriso : UPDATE :  91.40% done, estimate finish Fri Feb 27 15:22:53 2026
xorriso : UPDATE :  91.53% done, estimate finish Fri Feb 27 15:22:54 2026
xorriso : UPDATE :  92.20% done, estimate finish Fri Feb 27 15:22:55 2026
xorriso : UPDATE :  93.34% done, estimate finish Fri Feb 27 15:22:53 2026
xorriso : UPDATE :  93.72% done, estimate finish Fri Feb 27 15:22:53 2026
xorriso : UPDATE :  94.27% done, estimate finish Fri Feb 27 15:22:54 2026
xorriso : UPDATE :  94.34% done, estimate finish Fri Feb 27 15:22:55 2026
xorriso : UPDATE :  95.55% done, estimate finish Fri Feb 27 15:22:54 2026
xorriso : UPDATE :  95.96% done, estimate finish Fri Feb 27 15:22:54 2026
xorriso : UPDATE :  96.73% done, estimate finish Fri Feb 27 15:22:54 2026
xorriso : UPDATE :  97.19% done, estimate finish Fri Feb 27 15:22:54 2026
xorriso : UPDATE :  97.44% done, estimate finish Fri Feb 27 15:22:55 2026
xorriso : UPDATE :  97.85% done, estimate finish Fri Feb 27 15:22:55 2026
xorriso : UPDATE :  98.93% done
xorriso : UPDATE :  99.27% done
xorriso : UPDATE :  99.93% done
ISO image produced: 2114343 sectors
Written to medium : 2114343 sectors at LBA 0
Writing to 'stdio:/nix/store/64jcmzvq2s4mbfjrpg1lpfvjv5097cik-nixos-gnome-25.11.6392.afbbf774e208-x86_64-linux.iso/iso/nixos-gnome-25.11.6392.afbbf774e208-x86_64-linux.iso' completed successfully.

/nix/store/64jcmzvq2s4mbfjrpg1lpfvjv5097cik-nixos-gnome-25.11.6392.afbbf774e208-x86_64-linux.iso

real	29m24.891s
user	0m32.581s
sys	0m11.743s
